<?xml version="1.0" encoding="UTF-8" ?>
<testsuite errors="0" failures="0" hostname="nn81-tosh" name="system.container.ContainerFlatFileTest" tests="3" time="1642.22" timestamp="2011-07-09T19:19:34">
  <properties>
[...]
</properties>
  <testcase classname="system.container.ContainerFlatFileTest" name="initializationTest" time="0.018" />
  <testcase classname="system.container.ContainerFlatFileTest" name="initialWriteReadTest" time="0.039" />
  <testcase classname="system.container.ContainerFlatFileTest" name="writeToLimitTest" time="1641.075" />
  <system-out><![CDATA[Testing the Flat File Container
 Deleting the work folder
 ..Done
 Creating the work folder
 ..Done
 Test instantiating the container
  [COMPLETED] Container has started, 0 records are available
  ..Done!
 Test writing
 ..Done!
 Test counting
 ..Done!
  Test reading after write
  ..Done!
 Test overwriting
 ..Done!
  Test reading after overwrite
  ..Done!
 Test the limits of storage for each file
  Creating 100000 records..
   1000 records and 0 seconds per file. (1% processed in 0 seconds)
   2000 records and 1 second per file. (2% processed in 2 seconds)
   3000 records and 1 second per file. (3% processed in 3 seconds)
   4000 records and 1 second per file. (4% processed in 5 seconds)
   5000 records and 2 seconds per file. (5% processed in 7 seconds)
   6000 records and 2 seconds per file. (6% processed in 9 seconds)
   7000 records and 2 seconds per file. (7% processed in 12 seconds)
   8000 records and 3 seconds per file. (8% processed in 15 seconds)
   9000 records and 3 seconds per file. (9% processed in 19 seconds)
   10000 records and 3 seconds per file. (10% processed in 22 seconds)
   11000 records and 3 seconds per file. (11% processed in 26 seconds)
   12000 records and 4 seconds per file. (12% processed in 30 seconds)
   13000 records and 4 seconds per file. (13% processed in 35 seconds)
   14000 records and 4 seconds per file. (14% processed in 40 seconds)
   15000 records and 5 seconds per file. (15% processed in 45 seconds)
   16000 records and 5 seconds per file. (16% processed in 50 seconds)
   17000 records and 5 seconds per file. (17% processed in 56 seconds)
   18000 records and 5 seconds per file. (18% processed in 1 minute and 2 seconds)
   19000 records and 6 seconds per file. (19% processed in 1 minute and 8 seconds)
   20000 records and 6 seconds per file. (20% processed in 1 minute and 15 seconds)
   21000 records and 6 seconds per file. (21% processed in 1 minute and 21 seconds)
   22000 records and 7 seconds per file. (22% processed in 1 minute and 28 seconds)
   23000 records and 7 seconds per file. (23% processed in 1 minute and 36 seconds)
   24000 records and 7 seconds per file. (24% processed in 1 minute and 44 seconds)
   25000 records and 8 seconds per file. (25% processed in 1 minute and 52 seconds)
   26000 records and 8 seconds per file. (26% processed in 2 minutes and 0 seconds)
   27000 records and 9 seconds per file. (27% processed in 2 minutes and 10 seconds)
   28000 records and 9 seconds per file. (28% processed in 2 minutes and 19 seconds)
   29000 records and 9 seconds per file. (29% processed in 2 minutes and 29 seconds)
   30000 records and 10 seconds per file. (30% processed in 2 minutes and 39 seconds)
   31000 records and 10 seconds per file. (31% processed in 2 minutes and 49 seconds)
   32000 records and 10 seconds per file. (32% processed in 3 minutes and 0 seconds)
   33000 records and 10 seconds per file. (33% processed in 3 minutes and 10 seconds)
   34000 records and 12 seconds per file. (34% processed in 3 minutes and 23 seconds)
   35000 records and 14 seconds per file. (35% processed in 3 minutes and 37 seconds)
   36000 records and 12 seconds per file. (36% processed in 3 minutes and 50 seconds)
   37000 records and 14 seconds per file. (37% processed in 4 minutes and 4 seconds)
   38000 records and 20 seconds per file. (38% processed in 4 minutes and 25 seconds)
   39000 records and 12 seconds per file. (39% processed in 4 minutes and 37 seconds)
   40000 records and 12 seconds per file. (40% processed in 4 minutes and 50 seconds)
   41000 records and 14 seconds per file. (41% processed in 5 minutes and 4 seconds)
   42000 records and 14 seconds per file. (42% processed in 5 minutes and 18 seconds)
   43000 records and 14 seconds per file. (43% processed in 5 minutes and 33 seconds)
   44000 records and 14 seconds per file. (44% processed in 5 minutes and 47 seconds)
   45000 records and 14 seconds per file. (45% processed in 6 minutes and 2 seconds)
   46000 records and 14 seconds per file. (46% processed in 6 minutes and 17 seconds)
   47000 records and 15 seconds per file. (47% processed in 6 minutes and 32 seconds)
   48000 records and 15 seconds per file. (48% processed in 6 minutes and 47 seconds)
   49000 records and 15 seconds per file. (49% processed in 7 minutes and 2 seconds)
   50000 records and 15 seconds per file. (50% processed in 7 minutes and 18 seconds)
   51000 records and 16 seconds per file. (51% processed in 7 minutes and 34 seconds)
   52000 records and 16 seconds per file. (52% processed in 7 minutes and 51 seconds)
   53000 records and 16 seconds per file. (53% processed in 8 minutes and 8 seconds)
   54000 records and 16 seconds per file. (54% processed in 8 minutes and 25 seconds)
   55000 records and 16 seconds per file. (55% processed in 8 minutes and 42 seconds)
   56000 records and 17 seconds per file. (56% processed in 8 minutes and 59 seconds)
   57000 records and 17 seconds per file. (57% processed in 9 minutes and 16 seconds)
   58000 records and 17 seconds per file. (58% processed in 9 minutes and 34 seconds)
   59000 records and 18 seconds per file. (59% processed in 9 minutes and 52 seconds)
   60000 records and 18 seconds per file. (60% processed in 10 minutes and 10 seconds)
   61000 records and 20 seconds per file. (61% processed in 10 minutes and 31 seconds)
   62000 records and 19 seconds per file. (62% processed in 10 minutes and 50 seconds)
   63000 records and 19 seconds per file. (63% processed in 11 minutes and 9 seconds)
   64000 records and 19 seconds per file. (64% processed in 11 minutes and 29 seconds)
   65000 records and 19 seconds per file. (65% processed in 11 minutes and 48 seconds)
   66000 records and 19 seconds per file. (66% processed in 12 minutes and 8 seconds)
   67000 records and 20 seconds per file. (67% processed in 12 minutes and 28 seconds)
   68000 records and 21 seconds per file. (68% processed in 12 minutes and 50 seconds)
   69000 records and 20 seconds per file. (69% processed in 13 minutes and 11 seconds)
   70000 records and 21 seconds per file. (70% processed in 13 minutes and 32 seconds)
   71000 records and 23 seconds per file. (71% processed in 13 minutes and 55 seconds)
   72000 records and 22 seconds per file. (72% processed in 14 minutes and 18 seconds)
   73000 records and 23 seconds per file. (73% processed in 14 minutes and 42 seconds)
   74000 records and 28 seconds per file. (74% processed in 15 minutes and 10 seconds)
   75000 records and 28 seconds per file. (75% processed in 15 minutes and 39 seconds)
   76000 records and 26 seconds per file. (76% processed in 16 minutes and 6 seconds)
   77000 records and 24 seconds per file. (77% processed in 16 minutes and 30 seconds)
   78000 records and 25 seconds per file. (78% processed in 16 minutes and 56 seconds)
   79000 records and 26 seconds per file. (79% processed in 17 minutes and 22 seconds)
   80000 records and 25 seconds per file. (80% processed in 17 minutes and 48 seconds)
   81000 records and 25 seconds per file. (81% processed in 18 minutes and 13 seconds)
   82000 records and 26 seconds per file. (82% processed in 18 minutes and 40 seconds)
   83000 records and 26 seconds per file. (83% processed in 19 minutes and 7 seconds)
   84000 records and 26 seconds per file. (84% processed in 19 minutes and 33 seconds)
   85000 records and 26 seconds per file. (85% processed in 20 minutes and 0 seconds)
   86000 records and 26 seconds per file. (86% processed in 20 minutes and 27 seconds)
   87000 records and 27 seconds per file. (87% processed in 20 minutes and 55 seconds)
   88000 records and 27 seconds per file. (88% processed in 21 minutes and 22 seconds)
   89000 records and 27 seconds per file. (89% processed in 21 minutes and 50 seconds)
   90000 records and 28 seconds per file. (90% processed in 22 minutes and 18 seconds)
   91000 records and 28 seconds per file. (91% processed in 22 minutes and 46 seconds)
   92000 records and 28 seconds per file. (92% processed in 23 minutes and 15 seconds)
   93000 records and 29 seconds per file. (93% processed in 23 minutes and 44 seconds)
   94000 records and 29 seconds per file. (94% processed in 24 minutes and 14 seconds)
   95000 records and 29 seconds per file. (95% processed in 24 minutes and 44 seconds)
   96000 records and 30 seconds per file. (96% processed in 25 minutes and 14 seconds)
   97000 records and 30 seconds per file. (97% processed in 25 minutes and 45 seconds)
   98000 records and 31 seconds per file. (98% processed in 26 minutes and 16 seconds)
   99000 records and 32 seconds per file. (99% processed in 26 minutes and 48 seconds)
   100000 records and 32 seconds per file. (100% processed in 27 minutes and 21 seconds)
  ..Done!
  Write operation took 27 minutes and 21 seconds to write 100000 records
  Comparing to objective: 
    27 minutes and 21 seconds to write 100 000 records
  Testing number of created records
  Created 100001 records
  ..Done!
All tests completed!
]]></system-out>
  <system-err><![CDATA[]]></system-err>
</testsuite>
